Using pre-set license
Built from '2020.3/staging' branch; Version is '2020.3.20f1 (41c4e627c95f) revision 4310246'; Using compiler version '192528614'; Build Type 'Release'
OS: 'Windows 10 Pro; OS build 18362.1256; Version 1903; 64bit' Language: 'ko' Physical Memory: 16264 MB
BatchMode: 1, IsHumanControllingUs: 0, StartBugReporterOnCrash: 0, Is64bit: 1, IsPro: 0

COMMAND LINE ARGUMENTS:
C:\Program Files\Unity\Hub\Editor\2020.3.20f1\Editor\Unity.exe
-adb2
-batchMode
-noUpm
-name
AssetImportWorker0
-projectPath
C:/Users/SGA/Documents/GitHub/-Portfolio/FPSGame
-logFile
Logs/AssetImportWorker0.log
-srvPort
50267
Successfully changed project path to: C:/Users/SGA/Documents/GitHub/-Portfolio/FPSGame
C:/Users/SGA/Documents/GitHub/-Portfolio/FPSGame
Using Asset Import Pipeline V2.
Refreshing native plugins compatible for Editor in 39.94 ms, found 2 plugins.
Preloading 0 native plugins for Editor in 0.00 ms.
Initialize engine version: 2020.3.20f1 (41c4e627c95f)
[Subsystems] Discovering subsystems at path C:/Program Files/Unity/Hub/Editor/2020.3.20f1/Editor/Data/Resources/UnitySubsystems
[Subsystems] Discovering subsystems at path C:/Users/SGA/Documents/GitHub/-Portfolio/FPSGame/Assets
GfxDevice: creating device client; threaded=0
Direct3D:
    Version:  Direct3D 11.0 [level 11.1]
    Renderer: Intel(R) HD Graphics 630 (ID=0x5912)
    Vendor:   
    VRAM:     8132 MB
    Driver:   26.20.100.7323
Initialize mono
Mono path[0] = 'C:/Program Files/Unity/Hub/Editor/2020.3.20f1/Editor/Data/Managed'
Mono path[1] = 'C:/Program Files/Unity/Hub/Editor/2020.3.20f1/Editor/Data/MonoBleedingEdge/lib/mono/unityjit'
Mono config path = 'C:/Program Files/Unity/Hub/Editor/2020.3.20f1/Editor/Data/MonoBleedingEdge/etc'
Using monoOptions --debugger-agent=transport=dt_socket,embedding=1,server=y,suspend=n,address=127.0.0.1:56504
Begin MonoManager ReloadAssembly
Registering precompiled unity dll's ...
Register platform support module: C:/Program Files/Unity/Hub/Editor/2020.3.20f1/Editor/Data/PlaybackEngines/WindowsStandaloneSupport/UnityEditor.WindowsStandalone.Extensions.dll
Registered in 0.001272 seconds.
Native extension for WindowsStandalone target not found
Refreshing native plugins compatible for Editor in 37.33 ms, found 2 plugins.
Preloading 0 native plugins for Editor in 0.00 ms.
Mono: successfully reloaded assembly
- Completed reload, in  1.057 seconds
Domain Reload Profiling:
	ReloadAssembly (1057ms)
		BeginReloadAssembly (52ms)
			ExecutionOrderSort (0ms)
			DisableScriptedObjects (0ms)
			BackupInstance (0ms)
			ReleaseScriptingObjects (0ms)
			CreateAndSetChildDomain (1ms)
		EndReloadAssembly (436ms)
			LoadAssemblies (50ms)
			RebuildTransferFunctionScriptingTraits (0ms)
			SetupTypeCache (162ms)
			ReleaseScriptCaches (0ms)
			RebuildScriptCaches (31ms)
			SetupLoadedEditorAssemblies (167ms)
				LogAssemblyErrors (0ms)
				InitializePlatformSupportModulesInManaged (4ms)
				SetLoadedEditorAssemblies (0ms)
				RefreshPlugins (37ms)
				BeforeProcessingInitializeOnLoad (17ms)
				ProcessInitializeOnLoadAttributes (79ms)
				ProcessInitializeOnLoadMethodAttributes (30ms)
				AfterProcessingInitializeOnLoad (0ms)
				EditorAssembliesLoaded (0ms)
			ExecutionOrderSort2 (0ms)
			AwakeInstancesAfterBackupRestoration (0ms)
Platform modules already initialized, skipping
Registering precompiled user dll's ...
Registered in 0.003947 seconds.
Begin MonoManager ReloadAssembly
Native extension for WindowsStandalone target not found
Refreshing native plugins compatible for Editor in 0.50 ms, found 2 plugins.
Preloading 0 native plugins for Editor in 0.00 ms.
Mono: successfully reloaded assembly
- Completed reload, in  1.129 seconds
Domain Reload Profiling:
	ReloadAssembly (1129ms)
		BeginReloadAssembly (147ms)
			ExecutionOrderSort (0ms)
			DisableScriptedObjects (5ms)
			BackupInstance (0ms)
			ReleaseScriptingObjects (0ms)
			CreateAndSetChildDomain (18ms)
		EndReloadAssembly (916ms)
			LoadAssemblies (82ms)
			RebuildTransferFunctionScriptingTraits (0ms)
			SetupTypeCache (369ms)
			ReleaseScriptCaches (0ms)
			RebuildScriptCaches (43ms)
			SetupLoadedEditorAssemblies (316ms)
				LogAssemblyErrors (0ms)
				InitializePlatformSupportModulesInManaged (5ms)
				SetLoadedEditorAssemblies (1ms)
				RefreshPlugins (1ms)
				BeforeProcessingInitializeOnLoad (79ms)
				ProcessInitializeOnLoadAttributes (217ms)
				ProcessInitializeOnLoadMethodAttributes (9ms)
				AfterProcessingInitializeOnLoad (4ms)
				EditorAssembliesLoaded (0ms)
			ExecutionOrderSort2 (0ms)
			AwakeInstancesAfterBackupRestoration (7ms)
Platform modules already initialized, skipping
========================================================================
Worker process is ready to serve import requests
Launched and connected shader compiler UnityShaderCompiler.exe after 0.07 seconds
Refreshing native plugins compatible for Editor in 0.36 ms, found 2 plugins.
Preloading 0 native plugins for Editor in 0.00 ms.
Unloading 1498 Unused Serialized files (Serialized files now loaded: 0)
System memory in use before: 72.3 MB.
System memory in use after: 72.4 MB.

Unloading 19 unused Assets to reduce memory usage. Loaded Objects now: 1939.
Total: 2.666300 ms (FindLiveObjects: 0.136900 ms CreateObjectMapping: 0.045800 ms MarkObjects: 2.413300 ms  DeleteObjects: 0.069100 ms)

AssetImportParameters requested are different than current active one (requested -> active):
  custom:framework-win-MediaFoundation: 216162199b28c13a410421893ffa2e32 -> 
  custom:video-decoder-ogg-theora: a1e56fd34408186e4bbccfd4996cb3dc -> 
  custom:container-muxer-webm: aa71ff27fc2769a1b78a27578f13a17b -> 
  custom:container-demuxer-webm: 4f35f7cbe854078d1ac9338744f61a02 -> 
  custom:container-demuxer-ogg: 62fdf1f143b41e24485cea50d1cbac27 -> 
  custom:video-encoder-webm-vp8: eb34c28f22e8b96e1ab97ce403110664 -> 
  custom:video-decoder-webm-vp8: 9c59270c3fd7afecdb556c50c9e8de78 -> 
  custom:audio-decoder-ogg-vorbis: bf7c407c2cedff20999df2af8eb42d56 -> 
  custom:audio-encoder-webm-vorbis: bf7c407c2cedff20999df2af8eb42d56 -> 
========================================================================
Received Import Request.
  path: Assets/Resources/Prefabs/Player2.prefab
  artifactKey: Guid(b7e4b1fc9d9990e4ca26b3f6948f9732) Importer(815301076,1909f56bfc062723c751e8b465ee728b)
Start importing Assets/Resources/Prefabs/Player2.prefab using Guid(b7e4b1fc9d9990e4ca26b3f6948f9732) Importer(815301076,1909f56bfc062723c751e8b465ee728b)  -> (artifact id: 'ff606615485de7d1fe23ba756397180f') in 0.225406 seconds 
  Import took 0.230308 seconds .

========================================================================
Received Import Request.
  Time since last request: 0.000260 seconds.
  path: Assets/Resources/Prefabs/Player.prefab
  artifactKey: Guid(8288728b27dea8a4fb70b406995e550c) Importer(815301076,1909f56bfc062723c751e8b465ee728b)
Start importing Assets/Resources/Prefabs/Player.prefab using Guid(8288728b27dea8a4fb70b406995e550c) Importer(815301076,1909f56bfc062723c751e8b465ee728b)  -> (artifact id: '59334dd37c0ffced2e95e4c6fa39ec4b') in 0.179443 seconds 
  Import took 0.184362 seconds .

========================================================================
Received Import Request.
  Time since last request: 0.000190 seconds.
  path: Assets/Resources/Prefabs/kachujin_g_rosales.fbx
  artifactKey: Guid(dcab63f093c70024fb05939d8b2e0a8d) Importer(815301076,1909f56bfc062723c751e8b465ee728b)
Start importing Assets/Resources/Prefabs/kachujin_g_rosales.fbx using Guid(dcab63f093c70024fb05939d8b2e0a8d) Importer(815301076,1909f56bfc062723c751e8b465ee728b)  -> (artifact id: 'e1af1f6c1b1aed683808fa7850d904bb') in 0.121157 seconds 
  Import took 0.124147 seconds .

========================================================================
Received Import Request.
  Time since last request: 3.303244 seconds.
  path: Assets/Resources/Prefabs/Player2.prefab
  artifactKey: Guid(b7e4b1fc9d9990e4ca26b3f6948f9732) Importer(815301076,1909f56bfc062723c751e8b465ee728b)
Start importing Assets/Resources/Prefabs/Player2.prefab using Guid(b7e4b1fc9d9990e4ca26b3f6948f9732) Importer(815301076,1909f56bfc062723c751e8b465ee728b)  -> (artifact id: '3f7ef4ede9b54a5e4e74dd2f11726c0e') in 0.131515 seconds 
  Import took 0.138996 seconds .

========================================================================
Received Import Request.
  Time since last request: 0.641037 seconds.
  path: Assets/Resources/Prefabs/Player2.prefab
  artifactKey: Guid(b7e4b1fc9d9990e4ca26b3f6948f9732) Importer(815301076,1909f56bfc062723c751e8b465ee728b)
Start importing Assets/Resources/Prefabs/Player2.prefab using Guid(b7e4b1fc9d9990e4ca26b3f6948f9732) Importer(815301076,1909f56bfc062723c751e8b465ee728b)  -> (artifact id: '224605f116af50254206943ca9bb68af') in 0.125945 seconds 
  Import took 0.131514 seconds .

========================================================================
Received Import Request.
  Time since last request: 0.651504 seconds.
  path: Assets/Resources/Prefabs/Player2.prefab
  artifactKey: Guid(b7e4b1fc9d9990e4ca26b3f6948f9732) Importer(815301076,1909f56bfc062723c751e8b465ee728b)
Start importing Assets/Resources/Prefabs/Player2.prefab using Guid(b7e4b1fc9d9990e4ca26b3f6948f9732) Importer(815301076,1909f56bfc062723c751e8b465ee728b)  -> (artifact id: '958f1f292a1fbf938ad86c5ed563be30') in 0.132938 seconds 
  Import took 0.138633 seconds .

========================================================================
Received Import Request.
  Time since last request: 3.978915 seconds.
  path: Assets/Resources/Prefabs/Player2.prefab
  artifactKey: Guid(b7e4b1fc9d9990e4ca26b3f6948f9732) Importer(815301076,1909f56bfc062723c751e8b465ee728b)
Start importing Assets/Resources/Prefabs/Player2.prefab using Guid(b7e4b1fc9d9990e4ca26b3f6948f9732) Importer(815301076,1909f56bfc062723c751e8b465ee728b)  -> (artifact id: '0ebe00aeadc22e5095a1794527c68d4f') in 0.128545 seconds 
  Import took 0.134186 seconds .

========================================================================
Received Import Request.
  Time since last request: 1.021461 seconds.
  path: Assets/Resources/Prefabs/Player2.prefab
  artifactKey: Guid(b7e4b1fc9d9990e4ca26b3f6948f9732) Importer(815301076,1909f56bfc062723c751e8b465ee728b)
Start importing Assets/Resources/Prefabs/Player2.prefab using Guid(b7e4b1fc9d9990e4ca26b3f6948f9732) Importer(815301076,1909f56bfc062723c751e8b465ee728b)  -> (artifact id: '42cd88e71cb3c17377a3b378c4c35fbd') in 0.116806 seconds 
  Import took 0.121740 seconds .

========================================================================
Received Import Request.
  Time since last request: 0.364346 seconds.
  path: Assets/Resources/Prefabs/Player2.prefab
  artifactKey: Guid(b7e4b1fc9d9990e4ca26b3f6948f9732) Importer(815301076,1909f56bfc062723c751e8b465ee728b)
Start importing Assets/Resources/Prefabs/Player2.prefab using Guid(b7e4b1fc9d9990e4ca26b3f6948f9732) Importer(815301076,1909f56bfc062723c751e8b465ee728b)  -> (artifact id: '2e932c8331e35c2f8ac09ef2b3b686e3') in 0.130256 seconds 
  Import took 0.136284 seconds .

